<?xml version="1.0" encoding="UTF-8"?>
<!-- Generated by org.testng.reporters.JUnitReportReporter -->
<testsuite hostname="Ridhu-96" failures="0" tests="1" name="Test1.Naveentest" time="28.257" errors="0" timestamp="2023-07-06T11:19:29 IST" skipped="0">
  <testcase classname="Test1.Naveentest" name="testing" time="28.257"/>
  <system-out/>
</testsuite> <!-- Test1.Naveentest -->
